<?xml version="1.0" encoding="UTF-8"?>
<testsuite xmlns:xsi="http://www.w3.org/2001/XMLSchema-instance" xsi:noNamespaceSchemaLocation="https://maven.apache.org/surefire/maven-surefire-plugin/xsd/surefire-test-report.xsd" name="TestHealenium" time="0.499" tests="0" errors="0" skipped="0" failures="0">
  <properties>
    <property name="sun.desktop" value="gnome"/>
    <property name="awt.toolkit" value="sun.awt.X11.XToolkit"/>
    <property name="file.encoding.pkg" value="sun.io"/>
    <property name="java.specification.version" value="1.8"/>
    <property name="sun.cpu.isalist" value=""/>
    <property name="sun.jnu.encoding" value="UTF-8"/>
    <property name="java.class.path" value="/home/qainfotech/IdeaProjects/HealeniumTest/target/test-classes:/home/qainfotech/IdeaProjects/HealeniumTest/target/classes:/home/qainfotech/.m2/repository/io/github/bonigarcia/webdrivermanager/4.1.0/webdrivermanager-4.1.0.jar:/home/qainfotech/.m2/repository/org/slf4j/slf4j-api/1.7.30/slf4j-api-1.7.30.jar:/home/qainfotech/.m2/repository/commons-io/commons-io/2.7/commons-io-2.7.jar:/home/qainfotech/.m2/repository/com/google/code/gson/gson/2.8.6/gson-2.8.6.jar:/home/qainfotech/.m2/repository/org/apache/commons/commons-lang3/3.10/commons-lang3-3.10.jar:/home/qainfotech/.m2/repository/org/apache/httpcomponents/client5/httpclient5/5.0.1/httpclient5-5.0.1.jar:/home/qainfotech/.m2/repository/org/apache/httpcomponents/core5/httpcore5/5.0.1/httpcore5-5.0.1.jar:/home/qainfotech/.m2/repository/org/apache/httpcomponents/core5/httpcore5-h2/5.0.1/httpcore5-h2-5.0.1.jar:/home/qainfotech/.m2/repository/org/rauschig/jarchivelib/1.0.0/jarchivelib-1.0.0.jar:/home/qainfotech/.m2/repository/org/apache/commons/commons-compress/1.18/commons-compress-1.18.jar:/home/qainfotech/.m2/repository/org/jsoup/jsoup/1.13.1/jsoup-1.13.1.jar:/home/qainfotech/.m2/repository/junit/junit/4.11/junit-4.11.jar:/home/qainfotech/.m2/repository/org/hamcrest/hamcrest-core/1.3/hamcrest-core-1.3.jar:/home/qainfotech/.m2/repository/org/testng/testng/7.1.0/testng-7.1.0.jar:/home/qainfotech/.m2/repository/com/beust/jcommander/1.72/jcommander-1.72.jar:/home/qainfotech/.m2/repository/com/google/inject/guice/4.1.0/guice-4.1.0-no_aop.jar:/home/qainfotech/.m2/repository/javax/inject/javax.inject/1/javax.inject-1.jar:/home/qainfotech/.m2/repository/aopalliance/aopalliance/1.0/aopalliance-1.0.jar:/home/qainfotech/.m2/repository/org/yaml/snakeyaml/1.21/snakeyaml-1.21.jar:/home/qainfotech/.m2/repository/com/epam/healenium/healenium-web/2.0.5/healenium-web-2.0.5.jar:/home/qainfotech/.m2/repository/com/typesafe/config/1.3.4/config-1.3.4.jar:/home/qainfotech/.m2/repository/org/seleniumhq/selenium/selenium-support/3.141.59/selenium-support-3.141.59.jar:/home/qainfotech/.m2/repository/com/epam/healenium/tree-comparing/0.4.4/tree-comparing-0.4.4.jar:/home/qainfotech/.m2/repository/org/apache/commons/commons-text/1.6/commons-text-1.6.jar:/home/qainfotech/.m2/repository/com/fasterxml/jackson/core/jackson-databind/2.10.0/jackson-databind-2.10.0.jar:/home/qainfotech/.m2/repository/com/fasterxml/jackson/core/jackson-annotations/2.10.0/jackson-annotations-2.10.0.jar:/home/qainfotech/.m2/repository/com/fasterxml/jackson/core/jackson-core/2.10.0/jackson-core-2.10.0.jar:/home/qainfotech/.m2/repository/commons-codec/commons-codec/1.12/commons-codec-1.12.jar:/home/qainfotech/.m2/repository/org/eclipse/jetty/jetty-server/9.4.19.v20190610/jetty-server-9.4.19.v20190610.jar:/home/qainfotech/.m2/repository/javax/servlet/javax.servlet-api/3.1.0/javax.servlet-api-3.1.0.jar:/home/qainfotech/.m2/repository/org/eclipse/jetty/jetty-http/9.4.19.v20190610/jetty-http-9.4.19.v20190610.jar:/home/qainfotech/.m2/repository/org/eclipse/jetty/jetty-util/9.4.19.v20190610/jetty-util-9.4.19.v20190610.jar:/home/qainfotech/.m2/repository/org/eclipse/jetty/jetty-io/9.4.19.v20190610/jetty-io-9.4.19.v20190610.jar:/home/qainfotech/.m2/repository/org/jetbrains/annotations/18.0.0/annotations-18.0.0.jar:/home/qainfotech/.m2/repository/org/seleniumhq/selenium/selenium-java/3.141.59/selenium-java-3.141.59.jar:/home/qainfotech/.m2/repository/org/seleniumhq/selenium/selenium-api/3.141.59/selenium-api-3.141.59.jar:/home/qainfotech/.m2/repository/org/seleniumhq/selenium/selenium-chrome-driver/3.141.59/selenium-chrome-driver-3.141.59.jar:/home/qainfotech/.m2/repository/org/seleniumhq/selenium/selenium-edge-driver/3.141.59/selenium-edge-driver-3.141.59.jar:/home/qainfotech/.m2/repository/org/seleniumhq/selenium/selenium-firefox-driver/3.141.59/selenium-firefox-driver-3.141.59.jar:/home/qainfotech/.m2/repository/org/seleniumhq/selenium/selenium-ie-driver/3.141.59/selenium-ie-driver-3.141.59.jar:/home/qainfotech/.m2/repository/org/seleniumhq/selenium/selenium-opera-driver/3.141.59/selenium-opera-driver-3.141.59.jar:/home/qainfotech/.m2/repository/org/seleniumhq/selenium/selenium-remote-driver/3.141.59/selenium-remote-driver-3.141.59.jar:/home/qainfotech/.m2/repository/org/seleniumhq/selenium/selenium-safari-driver/3.141.59/selenium-safari-driver-3.141.59.jar:/home/qainfotech/.m2/repository/net/bytebuddy/byte-buddy/1.8.15/byte-buddy-1.8.15.jar:/home/qainfotech/.m2/repository/org/apache/commons/commons-exec/1.3/commons-exec-1.3.jar:/home/qainfotech/.m2/repository/com/google/guava/guava/25.0-jre/guava-25.0-jre.jar:/home/qainfotech/.m2/repository/com/google/code/findbugs/jsr305/1.3.9/jsr305-1.3.9.jar:/home/qainfotech/.m2/repository/org/checkerframework/checker-compat-qual/2.0.0/checker-compat-qual-2.0.0.jar:/home/qainfotech/.m2/repository/com/google/errorprone/error_prone_annotations/2.1.3/error_prone_annotations-2.1.3.jar:/home/qainfotech/.m2/repository/com/google/j2objc/j2objc-annotations/1.1/j2objc-annotations-1.1.jar:/home/qainfotech/.m2/repository/org/codehaus/mojo/animal-sniffer-annotations/1.14/animal-sniffer-annotations-1.14.jar:/home/qainfotech/.m2/repository/com/squareup/okhttp3/okhttp/3.11.0/okhttp-3.11.0.jar:/home/qainfotech/.m2/repository/com/squareup/okio/okio/1.14.0/okio-1.14.0.jar:"/>
    <property name="java.vm.vendor" value="Oracle Corporation"/>
    <property name="sun.arch.data.model" value="64"/>
    <property name="java.vendor.url" value="http://java.oracle.com/"/>
    <property name="user.timezone" value=""/>
    <property name="java.vm.specification.version" value="1.8"/>
    <property name="os.name" value="Linux"/>
    <property name="user.country" value="IN"/>
    <property name="sun.java.launcher" value="SUN_STANDARD"/>
    <property name="sun.boot.library.path" value="/home/qainfotech/jdk1.8.0_261/jre/lib/amd64"/>
    <property name="sun.java.command" value="/home/qainfotech/IdeaProjects/HealeniumTest/target/surefire/surefirebooter6137897536646400419.jar /home/qainfotech/IdeaProjects/HealeniumTest/target/surefire 2020-12-15T12-09-07_695-jvmRun1 surefire1348931700672404055tmp surefire_06949887708116563955tmp"/>
    <property name="surefire.test.class.path" value="/home/qainfotech/IdeaProjects/HealeniumTest/target/test-classes:/home/qainfotech/IdeaProjects/HealeniumTest/target/classes:/home/qainfotech/.m2/repository/io/github/bonigarcia/webdrivermanager/4.1.0/webdrivermanager-4.1.0.jar:/home/qainfotech/.m2/repository/org/slf4j/slf4j-api/1.7.30/slf4j-api-1.7.30.jar:/home/qainfotech/.m2/repository/commons-io/commons-io/2.7/commons-io-2.7.jar:/home/qainfotech/.m2/repository/com/google/code/gson/gson/2.8.6/gson-2.8.6.jar:/home/qainfotech/.m2/repository/org/apache/commons/commons-lang3/3.10/commons-lang3-3.10.jar:/home/qainfotech/.m2/repository/org/apache/httpcomponents/client5/httpclient5/5.0.1/httpclient5-5.0.1.jar:/home/qainfotech/.m2/repository/org/apache/httpcomponents/core5/httpcore5/5.0.1/httpcore5-5.0.1.jar:/home/qainfotech/.m2/repository/org/apache/httpcomponents/core5/httpcore5-h2/5.0.1/httpcore5-h2-5.0.1.jar:/home/qainfotech/.m2/repository/org/rauschig/jarchivelib/1.0.0/jarchivelib-1.0.0.jar:/home/qainfotech/.m2/repository/org/apache/commons/commons-compress/1.18/commons-compress-1.18.jar:/home/qainfotech/.m2/repository/org/jsoup/jsoup/1.13.1/jsoup-1.13.1.jar:/home/qainfotech/.m2/repository/junit/junit/4.11/junit-4.11.jar:/home/qainfotech/.m2/repository/org/hamcrest/hamcrest-core/1.3/hamcrest-core-1.3.jar:/home/qainfotech/.m2/repository/org/testng/testng/7.1.0/testng-7.1.0.jar:/home/qainfotech/.m2/repository/com/beust/jcommander/1.72/jcommander-1.72.jar:/home/qainfotech/.m2/repository/com/google/inject/guice/4.1.0/guice-4.1.0-no_aop.jar:/home/qainfotech/.m2/repository/javax/inject/javax.inject/1/javax.inject-1.jar:/home/qainfotech/.m2/repository/aopalliance/aopalliance/1.0/aopalliance-1.0.jar:/home/qainfotech/.m2/repository/org/yaml/snakeyaml/1.21/snakeyaml-1.21.jar:/home/qainfotech/.m2/repository/com/epam/healenium/healenium-web/2.0.5/healenium-web-2.0.5.jar:/home/qainfotech/.m2/repository/com/typesafe/config/1.3.4/config-1.3.4.jar:/home/qainfotech/.m2/repository/org/seleniumhq/selenium/selenium-support/3.141.59/selenium-support-3.141.59.jar:/home/qainfotech/.m2/repository/com/epam/healenium/tree-comparing/0.4.4/tree-comparing-0.4.4.jar:/home/qainfotech/.m2/repository/org/apache/commons/commons-text/1.6/commons-text-1.6.jar:/home/qainfotech/.m2/repository/com/fasterxml/jackson/core/jackson-databind/2.10.0/jackson-databind-2.10.0.jar:/home/qainfotech/.m2/repository/com/fasterxml/jackson/core/jackson-annotations/2.10.0/jackson-annotations-2.10.0.jar:/home/qainfotech/.m2/repository/com/fasterxml/jackson/core/jackson-core/2.10.0/jackson-core-2.10.0.jar:/home/qainfotech/.m2/repository/commons-codec/commons-codec/1.12/commons-codec-1.12.jar:/home/qainfotech/.m2/repository/org/eclipse/jetty/jetty-server/9.4.19.v20190610/jetty-server-9.4.19.v20190610.jar:/home/qainfotech/.m2/repository/javax/servlet/javax.servlet-api/3.1.0/javax.servlet-api-3.1.0.jar:/home/qainfotech/.m2/repository/org/eclipse/jetty/jetty-http/9.4.19.v20190610/jetty-http-9.4.19.v20190610.jar:/home/qainfotech/.m2/repository/org/eclipse/jetty/jetty-util/9.4.19.v20190610/jetty-util-9.4.19.v20190610.jar:/home/qainfotech/.m2/repository/org/eclipse/jetty/jetty-io/9.4.19.v20190610/jetty-io-9.4.19.v20190610.jar:/home/qainfotech/.m2/repository/org/jetbrains/annotations/18.0.0/annotations-18.0.0.jar:/home/qainfotech/.m2/repository/org/seleniumhq/selenium/selenium-java/3.141.59/selenium-java-3.141.59.jar:/home/qainfotech/.m2/repository/org/seleniumhq/selenium/selenium-api/3.141.59/selenium-api-3.141.59.jar:/home/qainfotech/.m2/repository/org/seleniumhq/selenium/selenium-chrome-driver/3.141.59/selenium-chrome-driver-3.141.59.jar:/home/qainfotech/.m2/repository/org/seleniumhq/selenium/selenium-edge-driver/3.141.59/selenium-edge-driver-3.141.59.jar:/home/qainfotech/.m2/repository/org/seleniumhq/selenium/selenium-firefox-driver/3.141.59/selenium-firefox-driver-3.141.59.jar:/home/qainfotech/.m2/repository/org/seleniumhq/selenium/selenium-ie-driver/3.141.59/selenium-ie-driver-3.141.59.jar:/home/qainfotech/.m2/repository/org/seleniumhq/selenium/selenium-opera-driver/3.141.59/selenium-opera-driver-3.141.59.jar:/home/qainfotech/.m2/repository/org/seleniumhq/selenium/selenium-remote-driver/3.141.59/selenium-remote-driver-3.141.59.jar:/home/qainfotech/.m2/repository/org/seleniumhq/selenium/selenium-safari-driver/3.141.59/selenium-safari-driver-3.141.59.jar:/home/qainfotech/.m2/repository/net/bytebuddy/byte-buddy/1.8.15/byte-buddy-1.8.15.jar:/home/qainfotech/.m2/repository/org/apache/commons/commons-exec/1.3/commons-exec-1.3.jar:/home/qainfotech/.m2/repository/com/google/guava/guava/25.0-jre/guava-25.0-jre.jar:/home/qainfotech/.m2/repository/com/google/code/findbugs/jsr305/1.3.9/jsr305-1.3.9.jar:/home/qainfotech/.m2/repository/org/checkerframework/checker-compat-qual/2.0.0/checker-compat-qual-2.0.0.jar:/home/qainfotech/.m2/repository/com/google/errorprone/error_prone_annotations/2.1.3/error_prone_annotations-2.1.3.jar:/home/qainfotech/.m2/repository/com/google/j2objc/j2objc-annotations/1.1/j2objc-annotations-1.1.jar:/home/qainfotech/.m2/repository/org/codehaus/mojo/animal-sniffer-annotations/1.14/animal-sniffer-annotations-1.14.jar:/home/qainfotech/.m2/repository/com/squareup/okhttp3/okhttp/3.11.0/okhttp-3.11.0.jar:/home/qainfotech/.m2/repository/com/squareup/okio/okio/1.14.0/okio-1.14.0.jar:"/>
    <property name="sun.cpu.endian" value="little"/>
    <property name="user.home" value="/home/qainfotech"/>
    <property name="user.language" value="en"/>
    <property name="java.specification.vendor" value="Oracle Corporation"/>
    <property name="java.home" value="/home/qainfotech/jdk1.8.0_261/jre"/>
    <property name="basedir" value="/home/qainfotech/IdeaProjects/HealeniumTest"/>
    <property name="file.separator" value="/"/>
    <property name="line.separator" value="&#10;"/>
    <property name="java.vm.specification.vendor" value="Oracle Corporation"/>
    <property name="java.specification.name" value="Java Platform API Specification"/>
    <property name="java.awt.graphicsenv" value="sun.awt.X11GraphicsEnvironment"/>
    <property name="surefire.real.class.path" value="/home/qainfotech/IdeaProjects/HealeniumTest/target/surefire/surefirebooter6137897536646400419.jar"/>
    <property name="sun.boot.class.path" value="/home/qainfotech/jdk1.8.0_261/jre/lib/resources.jar:/home/qainfotech/jdk1.8.0_261/jre/lib/rt.jar:/home/qainfotech/jdk1.8.0_261/jre/lib/sunrsasign.jar:/home/qainfotech/jdk1.8.0_261/jre/lib/jsse.jar:/home/qainfotech/jdk1.8.0_261/jre/lib/jce.jar:/home/qainfotech/jdk1.8.0_261/jre/lib/charsets.jar:/home/qainfotech/jdk1.8.0_261/jre/lib/jfr.jar:/home/qainfotech/jdk1.8.0_261/jre/classes"/>
    <property name="sun.management.compiler" value="HotSpot 64-Bit Tiered Compilers"/>
    <property name="java.runtime.version" value="1.8.0_261-b12"/>
    <property name="user.name" value="qainfotech"/>
    <property name="path.separator" value=":"/>
    <property name="os.version" value="4.15.0-29-generic"/>
    <property name="java.endorsed.dirs" value="/home/qainfotech/jdk1.8.0_261/jre/lib/endorsed"/>
    <property name="java.runtime.name" value="Java(TM) SE Runtime Environment"/>
    <property name="file.encoding" value="UTF-8"/>
    <property name="java.vm.name" value="Java HotSpot(TM) 64-Bit Server VM"/>
    <property name="localRepository" value="/home/qainfotech/.m2/repository"/>
    <property name="java.vendor.url.bug" value="http://bugreport.sun.com/bugreport/"/>
    <property name="java.io.tmpdir" value="/tmp"/>
    <property name="java.version" value="1.8.0_261"/>
    <property name="user.dir" value="/home/qainfotech/IdeaProjects/HealeniumTest"/>
    <property name="os.arch" value="amd64"/>
    <property name="java.vm.specification.name" value="Java Virtual Machine Specification"/>
    <property name="java.awt.printerjob" value="sun.print.PSPrinterJob"/>
    <property name="sun.os.patch.level" value="unknown"/>
    <property name="java.library.path" value="/usr/java/packages/lib/amd64:/usr/lib64:/lib64:/lib:/usr/lib"/>
    <property name="java.vm.info" value="mixed mode"/>
    <property name="java.vendor" value="Oracle Corporation"/>
    <property name="java.vm.version" value="25.261-b12"/>
    <property name="java.ext.dirs" value="/home/qainfotech/jdk1.8.0_261/jre/lib/ext:/usr/java/packages/lib/ext"/>
    <property name="sun.io.unicode.encoding" value="UnicodeLittle"/>
    <property name="java.class.version" value="52.0"/>
  </properties>
</testsuite>